2019-08-05 22:47:31[Error]Could not parse the remainder: ' name' from 'foo. name' 
2019-08-05 23:23:11[Error]'float' object is not subscriptable 
2019-08-06 19:56:46[Error]'OrderDetail' object has no attribute 'goods_count' 
2019-08-06 19:58:55[Error]'OrderDetail' object has no attribute 'goods_count' 
2019-08-06 19:59:56[Error]get() returned more than one Goods -- it returned 2! 
2019-08-06 20:00:46[Error]get() returned more than one Goods -- it returned 2! 
2019-08-06 20:02:54[Error]get() returned more than one Goods -- it returned 2! 
2019-08-06 20:03:05[Error]get() returned more than one Goods -- it returned 2! 
2019-08-06 20:04:08[Error]get() returned more than one Goods -- it returned 2! 
2019-08-06 20:10:03[Error]get() returned more than one Goods -- it returned 2! 
2019-08-06 20:12:52[Error]get() returned more than one Goods -- it returned 2! 
2019-08-06 20:13:41[Error]get() returned more than one Goods -- it returned 2! 
2019-08-06 20:16:30[Error]get() returned more than one Goods -- it returned 2! 
2019-08-06 20:29:43[Error]no such column: Store_goods.goods_less 
2019-08-06 20:30:13[Error]get() returned more than one Goods -- it returned 2! 
2019-08-06 20:31:57[Error]get() returned more than one Goods -- it returned 2! 
2019-08-06 20:45:51[Error]'float' object is not subscriptable 
2019-08-06 20:46:32[Error]'float' object is not subscriptable 
2019-08-06 20:46:34[Error]'float' object is not subscriptable 
2019-08-06 20:46:35[Error]'float' object is not subscriptable 
2019-08-06 20:46:36[Error]'float' object is not subscriptable 
2019-08-06 21:06:31[Error]页码小于 1 
2019-08-06 21:06:36[Error]页码小于 1 
2019-08-06 21:06:48[Error]页码小于 1 
2019-08-06 21:07:33[Error]本页结果为空 
2019-08-06 21:07:42[Error]本页结果为空 
2019-08-06 21:33:46[Error]本页结果为空 
2019-08-06 21:37:18[Error]本页结果为空 
2019-08-06 21:38:18[Error]本页结果为空 
2019-08-06 21:40:36[Error]页码小于 1 
2019-08-06 21:40:38[Error]页码小于 1 
2019-08-06 21:40:49[Error]页码小于 1 
2019-08-06 21:42:14[Error]页码小于 1 
2019-08-06 21:48:55[Error]页码小于 1 
2019-08-06 21:48:59[Error]页码小于 1 
2019-08-06 21:49:03[Error]页码小于 1 
2019-08-06 21:49:12[Error]页码小于 1 
2019-08-06 21:49:18[Error]页码小于 1 
2019-08-06 21:53:43[Error]页码小于 1 
2019-08-06 21:53:45[Error]页码小于 1 
